\BOOKMARK [0][-]{chapter*.2}{\376\377\000P\000r\000e\000s\000e\000n\000t\000a\000c\000i\000\363\000n}{}% 1
\BOOKMARK [0][-]{chapter.1}{\376\377\000C\000i\000e\000n\000c\000i\000a\000\040\000d\000e\000\040\000D\000a\000t\000o\000s}{}% 2
\BOOKMARK [1][-]{section.1.1}{\376\377\000\277\000P\000o\000r\000\040\000q\000u\000\351\000\040\000R\000?}{chapter.1}% 3
\BOOKMARK [1][-]{section.1.2}{\376\377\000C\000\363\000m\000o\000\040\000d\000e\000c\000i\000r\000l\000e\000\040\000a\000\040\000R\000\040\000q\000u\000\351\000\040\000h\000a\000c\000e\000r}{chapter.1}% 4
\BOOKMARK [0][-]{chapter.2}{\376\377\000T\000r\000a\000b\000a\000j\000a\000r\000\040\000c\000o\000n\000\040\000p\000r\000o\000y\000e\000c\000t\000o\000s\000\040\000e\000n\000\040\000R\000S\000t\000u\000d\000i\000o}{}% 5
\BOOKMARK [1][-]{section.2.1}{\376\377\000\277\000Q\000u\000\351\000\040\000v\000e\000n\000t\000a\000j\000a\000s\000\040\000t\000i\000e\000n\000e\000?}{chapter.2}% 6
\BOOKMARK [1][-]{section.2.2}{\376\377\000A\000b\000r\000i\000r\000\040\000u\000n\000\040\000p\000r\000o\000y\000e\000c\000t\000o}{chapter.2}% 7
\BOOKMARK [1][-]{section.2.3}{\376\377\000\277\000C\000\363\000m\000o\000\040\000s\000e\000\040\000o\000r\000g\000a\000n\000i\000z\000a\000?}{chapter.2}% 8
\BOOKMARK [1][-]{section.2.4}{\376\377\000O\000r\000d\000e\000n\000a\000n\000d\000o\000\040\000a\000\372\000n\000\040\000m\000\341\000s}{chapter.2}% 9
\BOOKMARK [0][-]{chapter.3}{\376\377\000I\000n\000t\000r\000o\000d\000u\000c\000c\000i\000\363\000n\000\040\000a\000\040\000R\000M\000a\000r\000k\000d\000o\000w\000n}{}% 10
\BOOKMARK [1][-]{section.3.1}{\376\377\000C\000r\000e\000a\000n\000d\000o\000\040\000a\000r\000c\000h\000i\000v\000o\000s\000\040\000.\000R\000m\000d}{chapter.3}% 11
\BOOKMARK [1][-]{section.3.2}{\376\377\000E\000s\000t\000r\000u\000c\000t\000u\000r\000a\000\040\000d\000e\000\040\000u\000n\000\040\000.\000R\000m\000d}{chapter.3}% 12
\BOOKMARK [1][-]{section.3.3}{\376\377\000M\000a\000r\000k\000d\000o\000w\000n}{chapter.3}% 13
\BOOKMARK [0][-]{chapter.4}{\376\377\000L\000e\000c\000t\000u\000r\000a\000\040\000d\000e\000\040\000d\000a\000t\000o\000s\000\040\000o\000r\000d\000e\000n\000a\000d\000o\000s}{}% 14
\BOOKMARK [1][-]{section.4.1}{\376\377\000D\000e\000s\000c\000a\000r\000g\000a\000n\000d\000o\000\040\000d\000a\000t\000o\000s}{chapter.4}% 15
\BOOKMARK [1][-]{section.4.2}{\376\377\000L\000e\000e\000r\000\040\000d\000a\000t\000o\000s\000\040\000c\000s\000v}{chapter.4}% 16
\BOOKMARK [1][-]{section.4.3}{\376\377\000L\000e\000e\000r\000\040\000d\000a\000t\000o\000s\000\040\000d\000e\000\040\000e\000x\000c\000e\000l}{chapter.4}% 17
\BOOKMARK [0][-]{chapter.5}{\376\377\000M\000a\000n\000i\000p\000u\000l\000a\000c\000i\000\363\000n\000\040\000d\000e\000\040\000d\000a\000t\000o\000s\000\040\000o\000r\000d\000e\000n\000a\000d\000o\000s}{}% 18
\BOOKMARK [1][-]{section.5.1}{\376\377\000S\000e\000l\000e\000c\000c\000i\000o\000n\000a\000n\000d\000o\000\040\000c\000o\000l\000u\000m\000n\000a\000s\000\040\000c\000o\000n\000\040\000s\000e\000l\000e\000c\000t\000\050\000\051}{chapter.5}% 19
\BOOKMARK [1][-]{section.5.2}{\376\377\000F\000i\000l\000t\000r\000a\000n\000d\000o\000\040\000f\000i\000l\000a\000s\000\040\000c\000o\000n\000\040\000f\000i\000l\000t\000e\000r\000\050\000\051}{chapter.5}% 20
\BOOKMARK [1][-]{section.5.3}{\376\377\000A\000g\000r\000u\000p\000a\000n\000d\000o\000\040\000y\000\040\000r\000e\000d\000u\000c\000i\000e\000n\000d\000o\000\040\000c\000o\000n\000\040\000g\000r\000o\000u\000p\000\137\000b\000y\000\050\000\051\000\040\000\045\000>\000\045\000\040\000s\000u\000m\000m\000a\000r\000i\000s\000e\000\050\000\051}{chapter.5}% 21
\BOOKMARK [1][-]{section.5.4}{\376\377\000C\000r\000e\000a\000n\000d\000o\000\040\000n\000u\000e\000v\000a\000s\000\040\000c\000o\000l\000u\000m\000n\000a\000s\000\040\000c\000o\000n\000\040\000m\000u\000t\000a\000t\000e\000\050\000\051}{chapter.5}% 22
\BOOKMARK [1][-]{section.5.5}{\376\377\000D\000e\000s\000a\000g\000r\000u\000p\000a\000n\000d\000o\000\040\000c\000o\000n\000\040\000u\000n\000g\000r\000o\000u\000p\000\050\000\051}{chapter.5}% 23
\BOOKMARK [0][-]{chapter.6}{\376\377\000G\000r\000\341\000f\000i\000c\000o\000s\000\040\000c\000o\000n\000\040\000g\000g\000p\000l\000o\000t\0002}{}% 24
\BOOKMARK [1][-]{section.6.1}{\376\377\000P\000r\000i\000m\000e\000r\000a\000\040\000c\000a\000p\000a\000:\000\040\000e\000l\000\040\000\341\000r\000e\000a\000\040\000d\000e\000l\000\040\000g\000r\000\341\000f\000i\000c\000o}{chapter.6}% 25
\BOOKMARK [1][-]{section.6.2}{\376\377\000S\000e\000g\000u\000n\000d\000a\000\040\000c\000a\000p\000a\000:\000\040\000g\000e\000o\000m\000e\000t\000r\000\355\000a\000s}{chapter.6}% 26
\BOOKMARK [1][-]{section.6.3}{\376\377\000M\000a\000p\000e\000a\000r\000\040\000v\000a\000r\000i\000a\000b\000l\000e\000s\000\040\000a\000\040\000e\000l\000e\000m\000e\000n\000t\000o\000s}{chapter.6}% 27
\BOOKMARK [1][-]{section.6.4}{\376\377\000O\000t\000r\000a\000s\000\040\000g\000e\000o\000m\000e\000t\000r\000\355\000a\000s}{chapter.6}% 28
\BOOKMARK [1][-]{section.6.5}{\376\377\000R\000e\000l\000a\000c\000i\000\363\000n\000\040\000e\000n\000t\000r\000e\000\040\000v\000a\000r\000i\000a\000b\000l\000e\000s}{chapter.6}% 29
\BOOKMARK [1][-]{section.6.6}{\376\377\000T\000r\000a\000n\000s\000f\000o\000r\000m\000a\000c\000i\000o\000n\000e\000s\000\040\000e\000s\000t\000a\000d\000\355\000s\000t\000i\000c\000a\000s}{chapter.6}% 30
\BOOKMARK [1][-]{section.6.7}{\376\377\000G\000r\000\341\000f\000i\000c\000o\000s\000\040\000d\000e\000\040\000f\000r\000e\000c\000u\000e\000n\000c\000i\000a\000s}{chapter.6}% 31
\BOOKMARK [1][-]{section.6.8}{\376\377\000G\000r\000\341\000f\000i\000c\000o\000s\000\040\000d\000e\000\040\000c\000a\000j\000a}{chapter.6}% 32
\BOOKMARK [1][-]{section.6.9}{\376\377\000G\000r\000a\000f\000i\000c\000a\000n\000d\000o\000\040\000e\000n\000\040\000m\000\372\000l\000t\000i\000p\000l\000e\000s\000\040\000p\000a\000n\000e\000l\000e\000s}{chapter.6}% 33
\BOOKMARK [1][-]{section.6.10}{\376\377\000G\000r\000\341\000f\000i\000c\000o\000s\000\040\000d\000e\000\040\000l\000\355\000n\000e\000a\000s\000\040\000s\000u\000a\000v\000i\000z\000a\000s}{chapter.6}% 34
\BOOKMARK [0][-]{chapter.7}{\376\377\000M\000a\000n\000i\000p\000u\000l\000a\000c\000i\000\363\000n\000\040\000d\000e\000\040\000d\000a\000t\000o\000s\000\040\000o\000r\000d\000e\000n\000a\000d\000o\000s\000\040\000u\000s\000a\000n\000d\000o\000\040\000d\000p\000l\000y\000r\000\040\000y\000\040\000t\000i\000d\000y\000r\000\040\000I\000I}{}% 35
\BOOKMARK [1][-]{section.7.1}{\376\377\000D\000e\000\040\000a\000n\000c\000h\000o\000\040\000a\000\040\000l\000a\000r\000g\000o\000\040\000c\000o\000n\000\040\000p\000i\000v\000o\000t\000\137\000l\000o\000n\000g\000e\000r\000\050\000\051}{chapter.7}% 36
\BOOKMARK [1][-]{section.7.2}{\376\377\000D\000e\000\040\000l\000a\000r\000g\000o\000\040\000a\000\040\000a\000n\000c\000h\000o\000\040\000c\000o\000n\000\040\000p\000i\000v\000o\000t\000\137\000w\000i\000d\000e\000r\000\050\000\051}{chapter.7}% 37
\BOOKMARK [1][-]{section.7.3}{\376\377\000U\000n\000i\000e\000n\000d\000o\000\040\000t\000a\000b\000l\000a\000s}{chapter.7}% 38
\BOOKMARK [0][-]{chapter.8}{\376\377\000T\000a\000b\000l\000a\000s}{}% 39
\BOOKMARK [1][-]{section.8.1}{\376\377\000T\000a\000b\000l\000a\000s\000\040\000s\000i\000m\000p\000l\000e\000s\000\040\000c\000o\000n\000\040\000k\000a\000b\000l\000e}{chapter.8}% 40
\BOOKMARK [1][-]{section.8.2}{\376\377\000S\000u\000p\000e\000r\000t\000a\000b\000l\000a\000s\000\040\000c\000o\000n\000\040\000k\000a\000b\000l\000e\000E\000x\000t\000r\000a}{chapter.8}% 41
\BOOKMARK [0][-]{chapter.9}{\376\377\000A\000p\000a\000r\000i\000e\000n\000c\000i\000a\000\040\000d\000e\000\040\000g\000r\000\341\000f\000i\000c\000o\000s}{}% 42
\BOOKMARK [1][-]{section.9.1}{\376\377\000E\000s\000c\000a\000l\000a\000s}{chapter.9}% 43
\BOOKMARK [1][-]{section.9.2}{\376\377\000T\000e\000m\000a\000s}{chapter.9}% 44
\BOOKMARK [0][-]{chapter.10}{\376\377\000I\000n\000f\000o\000r\000m\000e\000s\000\040\000r\000e\000p\000r\000o\000d\000u\000c\000i\000b\000l\000e\000s}{}% 45
\BOOKMARK [1][-]{section.10.1}{\376\377\000E\000l\000i\000g\000i\000e\000n\000d\000o\000\040\000e\000l\000\040\000f\000o\000r\000m\000a\000t\000o\000\040\000d\000e\000\040\000s\000a\000l\000i\000d\000a}{chapter.10}% 46
\BOOKMARK [1][-]{section.10.2}{\376\377\000P\000e\000r\000s\000o\000n\000a\000l\000i\000z\000a\000n\000d\000o\000\040\000l\000a\000\040\000s\000a\000l\000i\000d\000a}{chapter.10}% 47
\BOOKMARK [1][-]{section.10.3}{\376\377\000R\000e\000p\000o\000r\000t\000e\000s\000\040\000p\000a\000r\000a\000m\000e\000t\000r\000i\000z\000a\000d\000o\000s}{chapter.10}% 48
\BOOKMARK [1][-]{section.10.4}{\376\377\000C\000o\000n\000t\000r\000o\000l\000\040\000d\000e\000\040\000c\000h\000u\000n\000k\000s}{chapter.10}% 49
\BOOKMARK [0][-]{appendix.Alph1}{\376\377\000D\000e\000s\000a\000f\000\355\000o\000s\000\040\000d\000e\000\040\000p\000r\000\341\000c\000t\000i\000c\000a}{}% 50
\BOOKMARK [1][-]{section*.4}{\376\377\000D\000e\000s\000a\000f\000\355\000o\000\040\0001}{appendix.Alph1}% 51
\BOOKMARK [1][-]{section*.5}{\376\377\000D\000e\000s\000a\000f\000\355\000o\000\040\0002}{appendix.Alph1}% 52
\BOOKMARK [1][-]{section*.6}{\376\377\000D\000e\000s\000a\000f\000\355\000o\000\040\0003}{appendix.Alph1}% 53
\BOOKMARK [1][-]{section*.7}{\376\377\000D\000e\000s\000a\000f\000\355\000o\000\040\0004}{appendix.Alph1}% 54
\BOOKMARK [0][-]{appendix.Alph2}{\376\377\000I\000n\000s\000t\000a\000l\000a\000n\000d\000o\000\040\000R\000\040\000y\000\040\000R\000S\000t\000u\000d\000i\000o}{}% 55
\BOOKMARK [1][-]{section*.8}{\376\377\000I\000n\000s\000t\000a\000l\000a\000n\000d\000o\000\040\000R}{appendix.Alph2}% 56
\BOOKMARK [1][-]{section*.12}{\376\377\000I\000n\000s\000t\000a\000l\000a\000n\000d\000o\000\040\000R\000S\000t\000u\000d\000i\000o}{appendix.Alph2}% 57
